0 info it worked if it ends with ok
1 verbose cli [ '/usr/local/bin/node', '/usr/local/bin/npm', 'start' ]
2 info using npm@6.14.6
3 info using node@v12.18.3
4 verbose config Skipping project config: /home/theia/.npmrc. (matches userconfig)
5 verbose stack Error: missing script: start
5 verbose stack     at run (/usr/local/lib/node_modules/npm/lib/run-script.js:155:19)
5 verbose stack     at /usr/local/lib/node_modules/npm/lib/run-script.js:63:5
5 verbose stack     at /usr/local/lib/node_modules/npm/node_modules/read-package-json/read-json.js:116:5
5 verbose stack     at /usr/local/lib/node_modules/npm/node_modules/read-package-json/read-json.js:436:5
5 verbose stack     at checkBinReferences_ (/usr/local/lib/node_modules/npm/node_modules/read-package-json/read-json.js:391:45)
5 verbose stack     at final (/usr/local/lib/node_modules/npm/node_modules/read-package-json/read-json.js:434:3)
5 verbose stack     at then (/usr/local/lib/node_modules/npm/node_modules/read-package-json/read-json.js:161:5)
5 verbose stack     at /usr/local/lib/node_modules/npm/node_modules/read-package-json/read-json.js:252:31
5 verbose stack     at f (/usr/local/lib/node_modules/npm/node_modules/once/once.js:25:25)
5 verbose stack     at Glob.<anonymous> (/usr/local/lib/node_modules/npm/node_modules/glob/glob.js:151:7)
6 verbose cwd /home/theia
7 verbose Linux 5.10.16.3-microsoft-standard-WSL2
8 verbose argv "/usr/local/bin/node" "/usr/local/bin/npm" "start"
9 verbose node v12.18.3
10 verbose npm  v6.14.6
11 error missing script: start
12 verbose exit [ 1, true ]
