0 info it worked if it ends with ok
1 verbose cli [
1 verbose cli   '/usr/local/bin/node',
1 verbose cli   '/usr/local/bin/npm',
1 verbose cli   'install',
1 verbose cli   '--ignore-scripts',
1 verbose cli   '@types/accepts@ts3.6',
1 verbose cli   '@types/are-we-there-yet@ts3.6',
1 verbose cli   '@types/argparse@ts3.6',
1 verbose cli   '@types/asn1@ts3.6',
1 verbose cli   '@types/assert-plus@ts3.6',
1 verbose cli   '@types/autosize@ts3.6',
1 verbose cli   '@types/aws4@ts3.6',
1 verbose cli   '@types/babel-plugin-syntax-jsx@ts3.6',
1 verbose cli   '@types/balanced-match@ts3.6',
1 verbose cli   '@types/bent@ts3.6',
1 verbose cli   '@types/bindings@ts3.6',
1 verbose cli   '@types/body-parser@ts3.6',
1 verbose cli   '@types/brace-expansion@ts3.6',
1 verbose cli   '@types/buffer-crc32@ts3.6',
1 verbose cli   '@types/buffers@ts3.6',
1 verbose cli   '@types/byline@ts3.6',
1 verbose cli   '@types/bytes@ts3.6',
1 verbose cli   '@types/caseless@ts3.6',
1 verbose cli   '@types/checksum@ts3.6',
1 verbose cli   '@types/chownr@ts3.6',
1 verbose cli   '@types/color-convert@ts3.6',
1 verbose cli   '@types/color-name@ts3.6',
1 verbose cli   '@types/combined-stream@ts3.6',
1 verbose cli   '@types/concat-map@ts3.6',
1 verbose cli   '@types/content-disposition@ts3.6',
1 verbose cli   '@types/content-type@ts3.6',
1 verbose cli   '@types/cookie@ts3.6',
1 verbose cli   '@types/cookie-signature@ts3.6',
1 verbose cli   '@types/css-to-react-native@ts3.6',
1 verbose cli   '@types/dashdash@ts3.6',
1 verbose cli   '@types/debug@ts3.6',
1 verbose cli   '@types/decompress@ts3.6',
1 verbose cli   '@types/deep-extend@ts3.6',
1 verbose cli   '@types/delegates@ts3.6',
1 verbose cli   '@types/depd@ts3.6',
1 verbose cli   '@types/destroy@ts3.6',
1 verbose cli   '@types/detect-libc@ts3.6',
1 verbose cli   '@types/diff@ts3.6',
1 verbose cli   '@types/dir-glob@ts3.6',
1 verbose cli   '@types/dompurify@ts3.6',
1 verbose cli   '@types/drivelist@ts3.6',
1 verbose cli   '@types/ee-first@ts3.6',
1 verbose cli   '@types/encodeurl@ts3.6',
1 verbose cli   '@types/end-of-stream@ts3.6',
1 verbose cli   '@types/escape-html@ts3.6',
1 verbose cli   '@types/etag@ts3.6',
1 verbose cli   '@types/event-stream@ts3.6',
1 verbose cli   '@types/express@ts3.6',
1 verbose cli   '@types/extend@ts3.6',
1 verbose cli   '@types/extsprintf@ts3.6',
1 verbose cli   '@types/finalhandler@ts3.6',
1 verbose cli   '@types/forever-agent@ts3.6',
1 verbose cli   '@types/forwarded@ts3.6',
1 verbose cli   '@types/fresh@ts3.6',
1 verbose cli   '@types/from@ts3.6',
1 verbose cli   '@types/fs-extra@ts3.6',
1 verbose cli   '@types/fs-minipass@ts3.6',
1 verbose cli   '@types/gauge@ts3.6',
1 verbose cli   '@types/getpass@ts3.6',
1 verbose cli   '@types/graceful-fs@ts3.6',
1 verbose cli   '@types/http-errors@ts3.6',
1 verbose cli   '@types/imurmurhash@ts3.6',
1 verbose cli   '@types/inherits@ts3.6',
1 verbose cli   '@types/ini@ts3.6',
1 verbose cli   '@types/is-natural-number@ts3.6',
1 verbose cli   '@types/is-typedarray@ts3.6',
1 verbose cli   '@types/isarray@ts3.6',
1 verbose cli   '@types/isexe@ts3.6',
1 verbose cli   '@types/isstream@ts3.6',
1 verbose cli   '@types/jsbn@ts3.6',
1 verbose cli   '@types/json-schema@ts3.6',
1 verbose cli   '@types/json-stringify-safe@ts3.6',
1 verbose cli   '@types/jsonfile@ts3.6',
1 verbose cli   '@types/jsprim@ts3.6',
1 verbose cli   '@types/linkify-it@ts3.6',
1 verbose cli   '@types/lodash@ts3.6',
1 verbose cli   '@types/lodash.clonedeep@ts3.6',
1 verbose cli   '@types/lodash.debounce@ts3.6',
1 verbose cli   '@types/lodash.throttle@ts3.6',
1 verbose cli   '@types/map-stream@ts3.6',
1 verbose cli   '@types/markdown-it@ts3.6',
1 verbose cli   '@types/mdurl@ts3.6',
1 verbose cli   '@types/media-typer@ts3.6',
1 verbose cli   '@types/merge-descriptors@ts3.6',
1 verbose cli   '@types/methods@ts3.6',
1 verbose cli   '@types/mime@ts3.6',
1 verbose cli   '@types/mime-db@ts3.6',
1 verbose cli   '@types/mime-types@ts3.6',
1 verbose cli   '@types/minimist@ts3.6',
1 verbose cli   '@types/minizlib@ts3.6',
1 verbose cli   '@types/ms@ts3.6',
1 verbose cli   '@types/negotiator@ts3.6',
1 verbose cli   '@types/nested-error-stacks@ts3.6',
1 verbose cli   '@types/node-abi@ts3.6',
1 verbose cli   '@types/npmlog@ts3.6',
1 verbose cli   '@types/number-is-nan@ts3.6',
1 verbose cli   ... 79 more items
1 verbose cli ]
2 info using npm@6.14.6
3 info using node@v12.18.3
4 verbose npm-session b8718d39e97af662
5 silly install loadCurrentTree
6 silly install readLocalPackageData
7 http fetch GET 200 https://registry.npmjs.org/@types%2fasn1 271ms
8 http fetch GET 200 https://registry.npmjs.org/@types%2faws4 271ms
9 http fetch GET 200 https://registry.npmjs.org/@types%2fare-we-there-yet 511ms
10 http fetch GET 200 https://registry.npmjs.org/@types%2faccepts 522ms
11 http fetch GET 200 https://registry.npmjs.org/@types%2fbalanced-match 501ms
12 http fetch GET 200 https://registry.npmjs.org/@types%2fbabel-plugin-syntax-jsx 723ms
13 http fetch GET 200 https://registry.npmjs.org/@types%2fargparse 780ms
14 http fetch GET 200 https://registry.npmjs.org/@types%2fassert-plus 785ms
15 http fetch GET 200 https://registry.npmjs.org/@types/accepts/-/accepts-1.3.5.tgz 315ms
16 silly pacote tag manifest for @types/accepts@ts3.6 fetched in 876ms
17 http fetch GET 200 https://registry.npmjs.org/@types/babel-plugin-syntax-jsx/-/babel-plugin-syntax-jsx-6.18.0.tgz 333ms
18 http fetch GET 200 https://registry.npmjs.org/@types%2fbindings 239ms
19 http fetch GET 200 https://registry.npmjs.org/@types/argparse/-/argparse-1.0.38.tgz 315ms
20 silly pacote tag manifest for @types/babel-plugin-syntax-jsx@ts3.6 fetched in 1094ms
21 silly pacote tag manifest for @types/argparse@ts3.6 fetched in 1112ms
22 http fetch GET 200 https://registry.npmjs.org/@types%2fbody-parser 61ms
23 http fetch GET 200 https://registry.npmjs.org/@types/aws4/-/aws4-1.5.2.tgz 944ms
24 silly pacote tag manifest for @types/aws4@ts3.6 fetched in 1232ms
25 http fetch GET 200 https://registry.npmjs.org/@types/asn1/-/asn1-0.2.0.tgz 1091ms
26 silly pacote tag manifest for @types/asn1@ts3.6 fetched in 1372ms
27 http fetch GET 200 https://registry.npmjs.org/@types/body-parser/-/body-parser-1.19.1.tgz 318ms
28 silly pacote tag manifest for @types/body-parser@ts3.6 fetched in 393ms
29 http fetch GET 200 https://registry.npmjs.org/@types/are-we-there-yet/-/are-we-there-yet-1.1.0.tgz 1055ms
30 http fetch GET 200 https://registry.npmjs.org/@types/balanced-match/-/balanced-match-1.0.1.tgz 1031ms
31 silly pacote tag manifest for @types/are-we-there-yet@ts3.6 fetched in 1576ms
32 silly pacote tag manifest for @types/balanced-match@ts3.6 fetched in 1557ms
33 http fetch GET 200 https://registry.npmjs.org/@types%2fbrace-expansion 567ms
34 http fetch GET 200 https://registry.npmjs.org/@types%2fbytes 220ms
35 http fetch GET 200 https://registry.npmjs.org/@types%2fcaseless 236ms
36 http fetch GET 200 https://registry.npmjs.org/@types/assert-plus/-/assert-plus-1.0.4.tgz 1129ms
37 http fetch GET 200 https://registry.npmjs.org/@types%2fbuffers 558ms
38 silly pacote tag manifest for @types/assert-plus@ts3.6 fetched in 1937ms
39 http fetch GET 200 https://registry.npmjs.org/@types/brace-expansion/-/brace-expansion-1.1.0.tgz 298ms
40 silly pacote tag manifest for @types/brace-expansion@ts3.6 fetched in 872ms
41 http fetch GET 200 https://registry.npmjs.org/@types/bindings/-/bindings-1.5.1.tgz 988ms
42 silly pacote tag manifest for @types/bindings@ts3.6 fetched in 1233ms
43 http fetch GET 200 https://registry.npmjs.org/@types%2fautosize 2126ms
44 http fetch GET 200 https://registry.npmjs.org/@types%2fcolor-convert 226ms
45 http fetch GET 200 https://registry.npmjs.org/@types%2fbent 2417ms
46 http fetch GET 200 https://registry.npmjs.org/@types/bytes/-/bytes-3.1.1.tgz 1023ms
47 silly pacote tag manifest for @types/bytes@ts3.6 fetched in 1256ms
48 http fetch GET 200 https://registry.npmjs.org/@types/caseless/-/caseless-0.12.2.tgz 1038ms
49 silly pacote tag manifest for @types/caseless@ts3.6 fetched in 1282ms
50 http fetch GET 200 https://registry.npmjs.org/@types%2fcolor-name 83ms
51 http fetch GET 200 https://registry.npmjs.org/@types%2fcombined-stream 71ms
52 http fetch GET 200 https://registry.npmjs.org/@types%2fbuffer-crc32 1768ms
53 http fetch GET 200 https://registry.npmjs.org/@types%2fchownr 1256ms
54 http fetch GET 200 https://registry.npmjs.org/@types/buffers/-/buffers-0.1.31.tgz 1349ms
55 silly pacote tag manifest for @types/buffers@ts3.6 fetched in 1930ms
56 http fetch GET 200 https://registry.npmjs.org/@types/color-convert/-/color-convert-2.0.0.tgz 1020ms
57 silly pacote tag manifest for @types/color-convert@ts3.6 fetched in 1254ms
58 http fetch GET 200 https://registry.npmjs.org/@types%2fcontent-disposition 74ms
59 http fetch GET 200 https://registry.npmjs.org/@types/bent/-/bent-7.3.2.tgz 1168ms
60 silly pacote tag manifest for @types/bent@ts3.6 fetched in 3596ms
61 http fetch GET 200 https://registry.npmjs.org/@types%2fconcat-map 553ms
62 http fetch GET 200 https://registry.npmjs.org/@types%2fbyline 2356ms
63 http fetch GET 200 https://registry.npmjs.org/@types/color-name/-/color-name-1.1.1.tgz 1031ms
64 http fetch GET 200 https://registry.npmjs.org/@types/combined-stream/-/combined-stream-1.0.3.tgz 1014ms
65 http fetch GET 200 https://registry.npmjs.org/@types/buffer-crc32/-/buffer-crc32-0.2.0.tgz 929ms
66 silly pacote tag manifest for @types/combined-stream@ts3.6 fetched in 1091ms
67 silly pacote tag manifest for @types/color-name@ts3.6 fetched in 1120ms
68 silly pacote tag manifest for @types/buffer-crc32@ts3.6 fetched in 2705ms
69 http fetch GET 200 https://registry.npmjs.org/@types%2fcookie 89ms
70 http fetch GET 200 https://registry.npmjs.org/@types/cookie/-/cookie-0.4.1.tgz 85ms
71 silly pacote tag manifest for @types/cookie@ts3.6 fetched in 184ms
72 http fetch GET 200 https://registry.npmjs.org/@types/autosize/-/autosize-4.0.0.tgz 2070ms
73 http fetch GET 200 https://registry.npmjs.org/@types%2fcookie-signature 258ms
74 http fetch GET 200 https://registry.npmjs.org/@types%2fcontent-type 580ms
75 silly pacote tag manifest for @types/autosize@ts3.6 fetched in 4209ms
76 http fetch GET 200 https://registry.npmjs.org/@types%2fcss-to-react-native 340ms
77 http fetch GET 200 https://registry.npmjs.org/@types%2fdashdash 226ms
78 http fetch GET 200 https://registry.npmjs.org/@types/content-disposition/-/content-disposition-0.5.4.tgz 975ms
79 silly pacote tag manifest for @types/content-disposition@ts3.6 fetched in 1060ms
80 http fetch GET 200 https://registry.npmjs.org/@types/concat-map/-/concat-map-0.0.1.tgz 1119ms
81 silly pacote tag manifest for @types/concat-map@ts3.6 fetched in 1680ms
82 http fetch GET 200 https://registry.npmjs.org/@types/chownr/-/chownr-1.0.0.tgz 1802ms
83 silly pacote tag manifest for @types/chownr@ts3.6 fetched in 3068ms
84 http fetch GET 200 https://registry.npmjs.org/@types/byline/-/byline-4.2.33.tgz 1232ms
85 silly pacote tag manifest for @types/byline@ts3.6 fetched in 3595ms
86 http fetch GET 200 https://registry.npmjs.org/@types%2fdepd 50ms
87 http fetch GET 200 https://registry.npmjs.org/@types/content-type/-/content-type-1.1.5.tgz 940ms
88 silly pacote tag manifest for @types/content-type@ts3.6 fetched in 1532ms
89 http fetch GET 200 https://registry.npmjs.org/@types/cookie-signature/-/cookie-signature-1.0.3.tgz 982ms
90 silly pacote tag manifest for @types/cookie-signature@ts3.6 fetched in 1245ms
91 http fetch GET 200 https://registry.npmjs.org/@types%2fdestroy 50ms
92 http fetch GET 200 https://registry.npmjs.org/@types/css-to-react-native/-/css-to-react-native-3.0.0.tgz 1023ms
93 silly pacote tag manifest for @types/css-to-react-native@ts3.6 fetched in 1371ms
94 http fetch GET 200 https://registry.npmjs.org/@types/dashdash/-/dashdash-1.14.1.tgz 1002ms
95 silly pacote tag manifest for @types/dashdash@ts3.6 fetched in 1236ms
96 http fetch GET 200 https://registry.npmjs.org/@types%2fdetect-libc 249ms
97 http fetch GET 200 https://registry.npmjs.org/@types%2fdiff 199ms
98 http fetch GET 200 https://registry.npmjs.org/@types%2fdeep-extend 574ms
99 http fetch GET 200 https://registry.npmjs.org/@types%2fdir-glob 227ms
100 http fetch GET 200 https://registry.npmjs.org/@types%2fdelegates 565ms
101 silly fetchPackageMetaData error for @types/delegates@ts3.6 No matching version found for @types/delegates@ts3.6.
102 http fetch GET 200 https://registry.npmjs.org/@types%2fchecksum 4103ms
103 http fetch GET 200 https://registry.npmjs.org/@types%2fdompurify 573ms
104 http fetch GET 200 https://registry.npmjs.org/@types%2fdecompress 1961ms
105 http fetch GET 200 https://registry.npmjs.org/@types/detect-libc/-/detect-libc-1.0.0.tgz 962ms
106 silly pacote tag manifest for @types/detect-libc@ts3.6 fetched in 1222ms
107 http fetch GET 200 https://registry.npmjs.org/@types/destroy/-/destroy-1.0.0.tgz 1205ms
108 silly pacote tag manifest for @types/destroy@ts3.6 fetched in 1266ms
109 http fetch GET 200 https://registry.npmjs.org/@types/diff/-/diff-5.0.1.tgz 963ms
110 silly pacote tag manifest for @types/diff@ts3.6 fetched in 1168ms
111 http fetch GET 200 https://registry.npmjs.org/@types%2fencodeurl 64ms
112 http fetch GET 200 https://registry.npmjs.org/@types/encodeurl/-/encodeurl-1.0.0.tgz 125ms
113 silly pacote tag manifest for @types/encodeurl@ts3.6 fetched in 200ms
114 http fetch GET 200 https://registry.npmjs.org/@types%2fend-of-stream 107ms
115 http fetch GET 200 https://registry.npmjs.org/@types%2fee-first 582ms
116 http fetch GET 200 https://registry.npmjs.org/@types/deep-extend/-/deep-extend-0.4.31.tgz 1467ms
117 silly pacote tag manifest for @types/deep-extend@ts3.6 fetched in 2048ms
118 http fetch GET 200 https://registry.npmjs.org/@types%2fescape-html 65ms
119 http fetch GET 200 https://registry.npmjs.org/@types/depd/-/depd-1.1.32.tgz 2075ms
120 silly pacote tag manifest for @types/depd@ts3.6 fetched in 2134ms
121 http fetch GET 200 https://registry.npmjs.org/@types/decompress/-/decompress-4.2.4.tgz 1007ms
122 silly pacote tag manifest for @types/decompress@ts3.6 fetched in 2978ms
123 http fetch GET 200 https://registry.npmjs.org/@types%2fdebug 3165ms
124 http fetch GET 200 https://registry.npmjs.org/@types%2fetag 234ms
125 http fetch GET 200 https://registry.npmjs.org/@types/dompurify/-/dompurify-2.2.3.tgz 1401ms
126 silly pacote tag manifest for @types/dompurify@ts3.6 fetched in 1989ms
127 http fetch GET 200 https://registry.npmjs.org/@types/etag/-/etag-1.8.1.tgz 187ms
128 silly pacote tag manifest for @types/etag@ts3.6 fetched in 436ms
129 http fetch GET 200 https://registry.npmjs.org/@types%2fexpress 68ms
130 http fetch GET 200 https://registry.npmjs.org/@types/debug/-/debug-4.1.7.tgz 298ms
131 silly pacote tag manifest for @types/debug@ts3.6 fetched in 3472ms
132 http fetch GET 200 https://registry.npmjs.org/@types/end-of-stream/-/end-of-stream-1.4.1.tgz 901ms
133 silly pacote tag manifest for @types/end-of-stream@ts3.6 fetched in 1016ms
134 http fetch GET 200 https://registry.npmjs.org/@types%2ffinalhandler 57ms
135 http fetch GET 200 https://registry.npmjs.org/@types%2fextend 248ms
136 http fetch GET 200 https://registry.npmjs.org/@types/ee-first/-/ee-first-1.1.0.tgz 1074ms
137 silly pacote tag manifest for @types/ee-first@ts3.6 fetched in 1671ms
138 http fetch GET 200 https://registry.npmjs.org/@types/dir-glob/-/dir-glob-2.0.1.tgz 2555ms
139 silly pacote tag manifest for @types/dir-glob@ts3.6 fetched in 2788ms
140 http fetch GET 200 https://registry.npmjs.org/@types/checksum/-/checksum-0.1.33.tgz 2193ms
141 http fetch GET 200 https://registry.npmjs.org/@types%2fextsprintf 549ms
142 silly pacote tag manifest for @types/checksum@ts3.6 fetched in 6309ms
143 http fetch GET 200 https://registry.npmjs.org/@types%2fdrivelist 1840ms
144 http fetch GET 200 https://registry.npmjs.org/@types%2fforwarded 238ms
145 http fetch GET 200 https://registry.npmjs.org/@types%2fforever-agent 578ms
146 http fetch GET 200 https://registry.npmjs.org/@types/finalhandler/-/finalhandler-1.1.1.tgz 921ms
147 silly pacote tag manifest for @types/finalhandler@ts3.6 fetched in 986ms
148 http fetch GET 200 https://registry.npmjs.org/@types%2ffresh 575ms
149 http fetch GET 200 https://registry.npmjs.org/@types/extend/-/extend-3.0.1.tgz 939ms
150 silly pacote tag manifest for @types/extend@ts3.6 fetched in 1200ms
151 http fetch GET 200 https://registry.npmjs.org/@types/escape-html/-/escape-html-1.0.1.tgz 1770ms
152 silly pacote tag manifest for @types/escape-html@ts3.6 fetched in 1845ms
153 http fetch GET 200 https://registry.npmjs.org/@types%2ffs-extra 265ms
154 http fetch GET 200 https://registry.npmjs.org/@types/fresh/-/fresh-0.5.0.tgz 340ms
155 silly pacote tag manifest for @types/fresh@ts3.6 fetched in 923ms
156 http fetch GET 200 https://registry.npmjs.org/@types%2fevent-stream 1816ms
157 http fetch GET 200 https://registry.npmjs.org/@types/forwarded/-/forwarded-0.1.0.tgz 1012ms
158 silly pacote tag manifest for @types/forwarded@ts3.6 fetched in 1266ms
159 http fetch GET 200 https://registry.npmjs.org/@types%2ffs-minipass 548ms
160 silly fetchPackageMetaData error for @types/fs-minipass@ts3.6 No matching version found for @types/fs-minipass@ts3.6.
161 http fetch GET 200 https://registry.npmjs.org/@types%2fgraceful-fs 85ms
162 http fetch GET 200 https://registry.npmjs.org/@types%2fgetpass 249ms
163 http fetch GET 200 https://registry.npmjs.org/@types%2fgauge 530ms
164 silly fetchPackageMetaData error for @types/gauge@ts3.6 No matching version found for @types/gauge@ts3.6.
165 http fetch GET 200 https://registry.npmjs.org/@types%2fhttp-errors 54ms
166 http fetch GET 200 https://registry.npmjs.org/@types/graceful-fs/-/graceful-fs-4.1.4.tgz 320ms
167 silly pacote tag manifest for @types/graceful-fs@ts3.6 fetched in 415ms
168 http fetch GET 200 https://registry.npmjs.org/@types%2fimurmurhash 53ms
169 http fetch GET 200 https://registry.npmjs.org/@types/fs-extra/-/fs-extra-9.0.6.tgz 931ms
170 silly pacote tag manifest for @types/fs-extra@ts3.6 fetched in 1205ms
171 http fetch GET 200 https://registry.npmjs.org/@types/forever-agent/-/forever-agent-0.6.1.tgz 1405ms
172 silly pacote tag manifest for @types/forever-agent@ts3.6 fetched in 1993ms
173 http fetch GET 200 https://registry.npmjs.org/@types/drivelist/-/drivelist-6.4.2.tgz 1895ms
174 silly pacote tag manifest for @types/drivelist@ts3.6 fetched in 3748ms
175 http fetch GET 200 https://registry.npmjs.org/@types%2finherits 232ms
176 http fetch GET 200 https://registry.npmjs.org/@types%2ffrom 1714ms
177 http fetch GET 200 https://registry.npmjs.org/@types%2fini 544ms
178 http fetch GET 200 https://registry.npmjs.org/@types/express/-/express-4.17.13.tgz 2976ms
179 silly pacote tag manifest for @types/express@ts3.6 fetched in 3052ms
180 http fetch GET 200 https://registry.npmjs.org/@types/getpass/-/getpass-0.1.1.tgz 999ms
181 silly pacote tag manifest for @types/getpass@ts3.6 fetched in 1256ms
182 http fetch GET 200 https://registry.npmjs.org/@types%2fisarray 240ms
183 http fetch GET 200 https://registry.npmjs.org/@types/http-errors/-/http-errors-1.8.1.tgz 1185ms
184 silly pacote tag manifest for @types/http-errors@ts3.6 fetched in 1253ms
185 http fetch GET 200 https://registry.npmjs.org/@types%2fisexe 66ms
186 http fetch GET 200 https://registry.npmjs.org/@types/event-stream/-/event-stream-3.3.34.tgz 1855ms
187 http fetch GET 200 https://registry.npmjs.org/@types/imurmurhash/-/imurmurhash-0.1.1.tgz 1134ms
188 silly pacote tag manifest for @types/event-stream@ts3.6 fetched in 3677ms
189 silly pacote tag manifest for @types/imurmurhash@ts3.6 fetched in 1195ms
190 http fetch GET 200 https://registry.npmjs.org/@types/isarray/-/isarray-2.0.0.tgz 248ms
191 silly pacote tag manifest for @types/isarray@ts3.6 fetched in 499ms
192 http fetch GET 200 https://registry.npmjs.org/@types/inherits/-/inherits-0.0.30.tgz 932ms
193 http fetch GET 200 https://registry.npmjs.org/@types%2fis-typedarray 576ms
194 silly pacote tag manifest for @types/inherits@ts3.6 fetched in 1183ms
195 http fetch GET 200 https://registry.npmjs.org/@types%2fjson-schema 88ms
196 http fetch GET 200 https://registry.npmjs.org/@types%2fjsbn 218ms
197 http fetch GET 200 https://registry.npmjs.org/@types/ini/-/ini-1.3.30.tgz 780ms
198 http fetch GET 200 https://registry.npmjs.org/@types/extsprintf/-/extsprintf-1.4.1.tgz 3179ms
199 silly pacote tag manifest for @types/ini@ts3.6 fetched in 1333ms
200 silly pacote tag manifest for @types/extsprintf@ts3.6 fetched in 3736ms
201 http fetch GET 200 https://registry.npmjs.org/@types/json-schema/-/json-schema-7.0.9.tgz 233ms
202 http fetch GET 200 https://registry.npmjs.org/@types/from/-/from-0.1.29.tgz 1096ms
203 silly pacote tag manifest for @types/json-schema@ts3.6 fetched in 327ms
204 silly pacote tag manifest for @types/from@ts3.6 fetched in 2821ms
205 http fetch GET 200 https://registry.npmjs.org/@types%2fisstream 562ms
206 http fetch GET 200 https://registry.npmjs.org/@types%2flodash 108ms
207 http fetch GET 200 https://registry.npmjs.org/@types%2fjson-stringify-safe 561ms
208 http fetch GET 200 https://registry.npmjs.org/@types%2fis-natural-number 1827ms
209 http fetch GET 200 https://registry.npmjs.org/@types%2fjsprim 591ms
210 silly fetchPackageMetaData error for @types/jsprim@ts3.6 No matching version found for @types/jsprim@ts3.6.
211 http fetch GET 200 https://registry.npmjs.org/@types%2fjsonfile 600ms
212 http fetch GET 200 https://registry.npmjs.org/@types/is-typedarray/-/is-typedarray-1.0.0.tgz 960ms
213 silly pacote tag manifest for @types/is-typedarray@ts3.6 fetched in 1549ms
214 http fetch GET 200 https://registry.npmjs.org/@types/jsbn/-/jsbn-1.2.29.tgz 1010ms
215 silly pacote tag manifest for @types/jsbn@ts3.6 fetched in 1258ms
216 http fetch GET 200 https://registry.npmjs.org/@types/json-stringify-safe/-/json-stringify-safe-5.0.0.tgz 567ms
217 http fetch GET 200 https://registry.npmjs.org/@types/isexe/-/isexe-2.0.1.tgz 1366ms
218 silly pacote tag manifest for @types/json-stringify-safe@ts3.6 fetched in 1139ms
219 silly pacote tag manifest for @types/isexe@ts3.6 fetched in 1445ms
220 http fetch GET 200 https://registry.npmjs.org/@types%2flodash.debounce 276ms
221 http fetch GET 200 https://registry.npmjs.org/@types%2flodash.clonedeep 679ms
222 http fetch GET 200 https://registry.npmjs.org/@types/lodash/-/lodash-4.14.172.tgz 1069ms
223 silly pacote tag manifest for @types/lodash@ts3.6 fetched in 1194ms
224 http fetch GET 200 https://registry.npmjs.org/@types/lodash.clonedeep/-/lodash.clonedeep-4.5.6.tgz 116ms
225 silly pacote tag manifest for @types/lodash.clonedeep@ts3.6 fetched in 805ms
226 http fetch GET 200 https://registry.npmjs.org/@types%2fmedia-typer 65ms
227 http fetch GET 200 https://registry.npmjs.org/@types/isstream/-/isstream-0.1.0.tgz 1345ms
228 silly pacote tag manifest for @types/isstream@ts3.6 fetched in 1917ms
229 http fetch GET 200 https://registry.npmjs.org/@types%2fmerge-descriptors 63ms
230 http fetch GET 200 https://registry.npmjs.org/@types/jsonfile/-/jsonfile-6.0.1.tgz 1090ms
231 silly pacote tag manifest for @types/jsonfile@ts3.6 fetched in 1698ms
232 http fetch GET 200 https://registry.npmjs.org/@types%2fmethods 48ms
233 http fetch GET 200 https://registry.npmjs.org/@types%2fmdurl 575ms
234 http fetch GET 200 https://registry.npmjs.org/@types%2flinkify-it 1787ms
235 http fetch GET 200 https://registry.npmjs.org/@types/merge-descriptors/-/merge-descriptors-1.0.1.tgz 317ms
236 silly pacote tag manifest for @types/merge-descriptors@ts3.6 fetched in 390ms
237 http fetch GET 200 https://registry.npmjs.org/@types/lodash.debounce/-/lodash.debounce-4.0.6.tgz 948ms
238 silly pacote tag manifest for @types/lodash.debounce@ts3.6 fetched in 1230ms
239 http fetch GET 200 https://registry.npmjs.org/@types%2fmime 101ms
240 http fetch GET 200 https://registry.npmjs.org/@types/linkify-it/-/linkify-it-3.0.2.tgz 231ms
241 silly pacote tag manifest for @types/linkify-it@ts3.6 fetched in 2023ms
242 http fetch GET 200 https://registry.npmjs.org/@types/mdurl/-/mdurl-1.0.2.tgz 329ms
243 silly pacote tag manifest for @types/mdurl@ts3.6 fetched in 913ms
244 http fetch GET 200 https://registry.npmjs.org/@types%2fminimist 74ms
245 http fetch GET 200 https://registry.npmjs.org/@types%2fmime-db 261ms
246 http fetch GET 200 https://registry.npmjs.org/@types%2fmime-types 242ms
247 http fetch GET 200 https://registry.npmjs.org/@types/media-typer/-/media-typer-1.1.1.tgz 937ms
248 silly pacote tag manifest for @types/media-typer@ts3.6 fetched in 1008ms
249 http fetch GET 200 https://registry.npmjs.org/@types%2fminizlib 90ms
250 http fetch GET 200 https://registry.npmjs.org/@types/is-natural-number/-/is-natural-number-4.0.0.tgz 1965ms
251 silly pacote tag manifest for @types/is-natural-number@ts3.6 fetched in 3805ms
252 http fetch GET 200 https://registry.npmjs.org/@types/minimist/-/minimist-1.2.2.tgz 324ms
253 silly pacote tag manifest for @types/minimist@ts3.6 fetched in 405ms
254 http fetch GET 200 https://registry.npmjs.org/@types%2fms 84ms
255 http fetch GET 200 https://registry.npmjs.org/@types%2fnegotiator 79ms
256 http fetch GET 200 https://registry.npmjs.org/@types%2flodash.throttle 1801ms
257 http fetch GET 200 https://registry.npmjs.org/@types/ms/-/ms-0.7.31.tgz 165ms
258 silly pacote tag manifest for @types/ms@ts3.6 fetched in 256ms
259 http fetch GET 200 https://registry.npmjs.org/@types/methods/-/methods-1.1.1.tgz 1101ms
260 silly pacote tag manifest for @types/methods@ts3.6 fetched in 1155ms
261 http fetch GET 200 https://registry.npmjs.org/@types/negotiator/-/negotiator-0.6.1.tgz 351ms
262 silly pacote tag manifest for @types/negotiator@ts3.6 fetched in 441ms
263 http fetch GET 200 https://registry.npmjs.org/@types%2fmap-stream 2083ms
264 silly fetchPackageMetaData error for @types/map-stream@ts3.6 No matching version found for @types/map-stream@ts3.6.
265 http fetch GET 200 https://registry.npmjs.org/@types%2fmarkdown-it 2147ms
266 http fetch GET 200 https://registry.npmjs.org/@types/mime/-/mime-2.0.3.tgz 1114ms
267 silly pacote tag manifest for @types/mime@ts3.6 fetched in 1221ms
268 http fetch GET 200 https://registry.npmjs.org/@types%2fobject-assign 52ms
269 http fetch GET 200 https://registry.npmjs.org/@types/mime-db/-/mime-db-1.43.1.tgz 979ms
270 silly pacote tag manifest for @types/mime-db@ts3.6 fetched in 1253ms
271 http fetch GET 200 https://registry.npmjs.org/@types/mime-types/-/mime-types-2.1.1.tgz 976ms
272 silly pacote tag manifest for @types/mime-types@ts3.6 fetched in 1228ms
273 http fetch GET 200 https://registry.npmjs.org/@types/minizlib/-/minizlib-2.1.2.tgz 914ms
274 silly pacote tag manifest for @types/minizlib@ts3.6 fetched in 1017ms
275 http fetch GET 200 https://registry.npmjs.org/@types%2fon-finished 283ms
276 http fetch GET 200 https://registry.npmjs.org/@types%2fonce 221ms
277 http fetch GET 200 https://registry.npmjs.org/@types%2fnumber-is-nan 588ms
278 http fetch GET 200 https://registry.npmjs.org/@types/lodash.throttle/-/lodash.throttle-4.1.6.tgz 1070ms
279 silly pacote tag manifest for @types/lodash.throttle@ts3.6 fetched in 2880ms
280 http fetch GET 200 https://registry.npmjs.org/@types/markdown-it/-/markdown-it-12.2.0.tgz 1358ms
281 silly pacote tag manifest for @types/markdown-it@ts3.6 fetched in 3513ms
282 http fetch GET 200 https://registry.npmjs.org/@types%2fnested-error-stacks 1758ms
283 http fetch GET 200 https://registry.npmjs.org/@types/on-finished/-/on-finished-2.3.1.tgz 1099ms
284 silly pacote tag manifest for @types/on-finished@ts3.6 fetched in 1388ms
285 http fetch GET 200 https://registry.npmjs.org/@types/once/-/once-1.4.0.tgz 1112ms
286 silly pacote tag manifest for @types/once@ts3.6 fetched in 1339ms
287 http fetch GET 200 https://registry.npmjs.org/@types%2fparseurl 244ms
288 http fetch GET 200 https://registry.npmjs.org/@types%2fpath-is-absolute 229ms
289 http fetch GET 200 https://registry.npmjs.org/@types%2fnode-abi 2121ms
290 http fetch GET 200 https://registry.npmjs.org/@types%2fos-homedir 568ms
291 http fetch GET 200 https://registry.npmjs.org/@types/path-is-absolute/-/path-is-absolute-1.0.0.tgz 225ms
292 silly pacote tag manifest for @types/path-is-absolute@ts3.6 fetched in 467ms
293 http fetch GET 200 https://registry.npmjs.org/@types/object-assign/-/object-assign-4.0.30.tgz 1975ms
294 silly pacote tag manifest for @types/object-assign@ts3.6 fetched in 2036ms
295 http fetch GET 200 https://registry.npmjs.org/@types%2foniguruma 1808ms
296 http fetch GET 200 https://registry.npmjs.org/@types%2fpify 58ms
297 http fetch GET 200 https://registry.npmjs.org/@types%2fnpmlog 2288ms
298 http fetch GET 200 https://registry.npmjs.org/@types/nested-error-stacks/-/nested-error-stacks-2.1.0.tgz 948ms
299 silly pacote tag manifest for @types/nested-error-stacks@ts3.6 fetched in 2717ms
300 http fetch GET 200 https://registry.npmjs.org/@types%2foptimist 1879ms
301 http fetch GET 200 https://registry.npmjs.org/@types/number-is-nan/-/number-is-nan-2.0.0.tgz 2005ms
302 silly pacote tag manifest for @types/number-is-nan@ts3.6 fetched in 2602ms
303 http fetch GET 200 https://registry.npmjs.org/@types%2fprop-types 72ms
304 http fetch GET 200 https://registry.npmjs.org/@types%2fprogress 284ms
305 http fetch GET 200 https://registry.npmjs.org/@types/parseurl/-/parseurl-1.3.1.tgz 967ms
306 silly pacote tag manifest for @types/parseurl@ts3.6 fetched in 1222ms
307 http fetch GET 200 https://registry.npmjs.org/@types%2fproxy-addr 236ms
308 http fetch GET 200 https://registry.npmjs.org/@types/oniguruma/-/oniguruma-7.0.1.tgz 926ms
309 silly pacote tag manifest for @types/oniguruma@ts3.6 fetched in 2745ms
310 http fetch GET 200 https://registry.npmjs.org/@types/os-homedir/-/os-homedir-1.0.0.tgz 1122ms
311 silly pacote tag manifest for @types/os-homedir@ts3.6 fetched in 1696ms
312 http fetch GET 200 https://registry.npmjs.org/@types/prop-types/-/prop-types-15.7.4.tgz 518ms
313 silly pacote tag manifest for @types/prop-types@ts3.6 fetched in 600ms
314 http fetch GET 200 https://registry.npmjs.org/@types%2fpsl 77ms
315 http fetch GET 200 https://registry.npmjs.org/@types/pify/-/pify-5.0.1.tgz 1115ms
316 silly pacote tag manifest for @types/pify@ts3.6 fetched in 1180ms
317 http fetch GET 200 https://registry.npmjs.org/@types/node-abi/-/node-abi-2.10.0.tgz 1460ms
318 http fetch GET 200 https://registry.npmjs.org/@types%2fpump 59ms
319 http fetch GET 200 https://registry.npmjs.org/@types/npmlog/-/npmlog-4.1.3.tgz 1105ms
320 silly pacote tag manifest for @types/node-abi@ts3.6 fetched in 3591ms
321 silly pacote tag manifest for @types/npmlog@ts3.6 fetched in 3405ms
322 http fetch GET 200 https://registry.npmjs.org/@types%2fqs 79ms
323 http fetch GET 200 https://registry.npmjs.org/@types/progress/-/progress-2.0.5.tgz 951ms
324 silly pacote tag manifest for @types/progress@ts3.6 fetched in 1244ms
325 http fetch GET 200 https://registry.npmjs.org/@types%2frange-parser 85ms
326 http fetch GET 200 https://registry.npmjs.org/@types%2fpunycode 546ms
327 http fetch GET 200 https://registry.npmjs.org/@types/range-parser/-/range-parser-1.2.4.tgz 163ms
328 http fetch GET 200 https://registry.npmjs.org/@types%2fpdfobject 1871ms
329 silly pacote tag manifest for @types/range-parser@ts3.6 fetched in 259ms
330 http fetch GET 200 https://registry.npmjs.org/@types/proxy-addr/-/proxy-addr-2.0.0.tgz 1006ms
331 silly pacote tag manifest for @types/proxy-addr@ts3.6 fetched in 1251ms
332 http fetch GET 200 https://registry.npmjs.org/@types%2frc 278ms
333 http fetch GET 200 https://registry.npmjs.org/@types%2freact 186ms
334 http fetch GET 200 https://registry.npmjs.org/@types/optimist/-/optimist-0.0.30.tgz 1870ms
335 silly pacote tag manifest for @types/optimist@ts3.6 fetched in 3758ms
336 http fetch GET 200 https://registry.npmjs.org/@types/pump/-/pump-1.1.1.tgz 1140ms
337 silly pacote tag manifest for @types/pump@ts3.6 fetched in 1208ms
338 http fetch GET 200 https://registry.npmjs.org/@types/rc/-/rc-1.2.0.tgz 371ms
339 silly pacote tag manifest for @types/rc@ts3.6 fetched in 661ms
340 http fetch GET 200 https://registry.npmjs.org/@types/qs/-/qs-6.9.7.tgz 1223ms
341 silly pacote tag manifest for @types/qs@ts3.6 fetched in 1311ms
342 http fetch GET 200 https://registry.npmjs.org/@types%2freact-dom 253ms
343 http fetch GET 200 https://registry.npmjs.org/@types/psl/-/psl-1.1.0.tgz 1507ms
344 silly pacote tag manifest for @types/psl@ts3.6 fetched in 1595ms
345 http fetch GET 200 https://registry.npmjs.org/@types%2fproxy-from-env 1755ms
346 http fetch GET 200 https://registry.npmjs.org/@types/punycode/-/punycode-2.1.0.tgz 1076ms
347 silly pacote tag manifest for @types/punycode@ts3.6 fetched in 1629ms
348 http fetch GET 200 https://registry.npmjs.org/@types%2freact-is 590ms
349 http fetch GET 200 https://registry.npmjs.org/@types/react/-/react-17.0.19.tgz 974ms
350 silly pacote tag manifest for @types/react@ts3.6 fetched in 1174ms
351 http fetch GET 200 https://registry.npmjs.org/@types%2fps-tree 2209ms
352 http fetch GET 200 https://registry.npmjs.org/@types%2freadable-stream 588ms
353 http fetch GET 200 https://registry.npmjs.org/@types%2fregenerator-runtime 587ms
354 http fetch GET 200 https://registry.npmjs.org/@types%2freact-lifecycles-compat 1040ms
355 http fetch GET 200 https://registry.npmjs.org/@types/proxy-from-env/-/proxy-from-env-1.0.1.tgz 879ms
356 http fetch GET 200 https://registry.npmjs.org/@types/react-dom/-/react-dom-17.0.9.tgz 1026ms
357 silly pacote tag manifest for @types/react-dom@ts3.6 fetched in 1286ms
358 silly pacote tag manifest for @types/proxy-from-env@ts3.6 fetched in 2648ms
359 http fetch GET 200 https://registry.npmjs.org/@types/pdfobject/-/pdfobject-2.2.2.tgz 1850ms
360 silly pacote tag manifest for @types/pdfobject@ts3.6 fetched in 3730ms
361 http fetch GET 200 https://registry.npmjs.org/@types%2frequire-directory 97ms
362 http fetch GET 200 https://registry.npmjs.org/@types/react-lifecycles-compat/-/react-lifecycles-compat-3.0.1.tgz 454ms
363 silly pacote tag manifest for @types/react-lifecycles-compat@ts3.6 fetched in 1500ms
364 http fetch GET 200 https://registry.npmjs.org/@types/react-is/-/react-is-17.0.2.tgz 1132ms
365 silly pacote tag manifest for @types/react-is@ts3.6 fetched in 1730ms
366 http fetch GET 200 https://registry.npmjs.org/@types%2fsafer-buffer 262ms
367 http fetch GET 200 https://registry.npmjs.org/@types/readable-stream/-/readable-stream-2.3.11.tgz 1108ms
368 silly pacote tag manifest for @types/readable-stream@ts3.6 fetched in 1702ms
369 http fetch GET 200 https://registry.npmjs.org/@types%2fscheduler 75ms
370 http fetch GET 200 https://registry.npmjs.org/@types/regenerator-runtime/-/regenerator-runtime-0.13.1.tgz 1152ms
371 silly pacote tag manifest for @types/regenerator-runtime@ts3.6 fetched in 1748ms
372 http fetch GET 200 https://registry.npmjs.org/@types%2fsemver 64ms
373 http fetch GET 200 https://registry.npmjs.org/@types/scheduler/-/scheduler-0.16.2.tgz 325ms
374 http fetch GET 200 https://registry.npmjs.org/@types%2freact-virtualized 2195ms
375 http fetch GET 200 https://registry.npmjs.org/@types/require-directory/-/require-directory-2.1.2.tgz 1041ms
376 silly pacote tag manifest for @types/scheduler@ts3.6 fetched in 411ms
377 silly pacote tag manifest for @types/require-directory@ts3.6 fetched in 1148ms
378 http fetch GET 200 https://registry.npmjs.org/@types%2fsend 81ms
379 http fetch GET 200 https://registry.npmjs.org/@types%2fserve-static 87ms
380 http fetch GET 200 https://registry.npmjs.org/@types%2frequest 1820ms
381 http fetch GET 200 https://registry.npmjs.org/@types/serve-static/-/serve-static-1.13.10.tgz 236ms
382 silly pacote tag manifest for @types/serve-static@ts3.6 fetched in 333ms
383 http fetch GET 200 https://registry.npmjs.org/@types/send/-/send-0.17.1.tgz 323ms
384 silly pacote tag manifest for @types/send@ts3.6 fetched in 410ms
385 http fetch GET 200 https://registry.npmjs.org/@types/ps-tree/-/ps-tree-1.1.1.tgz 2136ms
386 http fetch GET 200 https://registry.npmjs.org/@types%2fset-blocking 236ms
387 silly fetchPackageMetaData error for @types/set-blocking@ts3.6 No matching version found for @types/set-blocking@ts3.6.
388 silly pacote tag manifest for @types/ps-tree@ts3.6 fetched in 4352ms
389 http fetch GET 200 https://registry.npmjs.org/@types%2frequestretry 1777ms
390 http fetch GET 200 https://registry.npmjs.org/@types%2fsignal-exit 554ms
391 http fetch GET 200 https://registry.npmjs.org/@types/request/-/request-2.48.7.tgz 1023ms
392 silly pacote tag manifest for @types/request@ts3.6 fetched in 2850ms
393 http fetch GET 200 https://registry.npmjs.org/@types/react-virtualized/-/react-virtualized-9.21.13.tgz 1375ms
394 silly pacote tag manifest for @types/react-virtualized@ts3.6 fetched in 3579ms
395 http fetch GET 200 https://registry.npmjs.org/@types%2fsanitize-html 2229ms
396 http fetch GET 200 https://registry.npmjs.org/@types%2fsprintf 548ms
397 http fetch GET 200 https://registry.npmjs.org/@types/signal-exit/-/signal-exit-3.0.1.tgz 1165ms
398 silly pacote tag manifest for @types/signal-exit@ts3.6 fetched in 1728ms
399 http fetch GET 200 https://registry.npmjs.org/@types%2froute-parser 3467ms
400 http fetch GET 200 https://registry.npmjs.org/@types%2fsimple-get 1883ms
401 silly fetchPackageMetaData error for @types/simple-get@ts3.6 No matching version found for @types/simple-get@ts3.6.
402 http fetch GET 200 https://registry.npmjs.org/@types%2fshowdown 2117ms
403 http fetch GET 200 https://registry.npmjs.org/@types/safer-buffer/-/safer-buffer-2.1.0.tgz 3199ms
404 silly pacote tag manifest for @types/safer-buffer@ts3.6 fetched in 3469ms
405 http fetch GET 200 https://registry.npmjs.org/@types/sanitize-html/-/sanitize-html-2.3.2.tgz 1122ms
406 silly pacote tag manifest for @types/sanitize-html@ts3.6 fetched in 3361ms
407 http fetch GET 200 https://registry.npmjs.org/@types%2fsshpk 252ms
408 http fetch GET 200 https://registry.npmjs.org/@types%2fstyled-components 57ms
409 http fetch GET 200 https://registry.npmjs.org/@types%2fsprintf-js 577ms
410 http fetch GET 200 https://registry.npmjs.org/@types/semver/-/semver-7.3.8.tgz 3012ms
411 silly pacote tag manifest for @types/semver@ts3.6 fetched in 3082ms
412 http fetch GET 200 https://registry.npmjs.org/@types%2fstatuses 259ms
413 http fetch GET 200 https://registry.npmjs.org/@types%2fsplit 1810ms
414 http fetch GET 200 https://registry.npmjs.org/@types/sprintf/-/sprintf-0.1.0.tgz 1090ms
415 silly pacote tag manifest for @types/sprintf@ts3.6 fetched in 1643ms
416 http fetch GET 200 https://registry.npmjs.org/@types%2ftar 64ms
417 http fetch GET 200 https://registry.npmjs.org/@types%2fsupports-color 580ms
418 http fetch GET 200 https://registry.npmjs.org/@types/showdown/-/showdown-1.9.4.tgz 1166ms
419 silly pacote tag manifest for @types/showdown@ts3.6 fetched in 3292ms
420 http fetch GET 200 https://registry.npmjs.org/@types/sshpk/-/sshpk-1.10.6.tgz 1050ms
421 silly pacote tag manifest for @types/sshpk@ts3.6 fetched in 1312ms
422 http fetch GET 200 https://registry.npmjs.org/@types/supports-color/-/supports-color-8.1.1.tgz 343ms
423 http fetch GET 200 https://registry.npmjs.org/@types/styled-components/-/styled-components-5.1.12.tgz 1103ms
424 silly pacote tag manifest for @types/supports-color@ts3.6 fetched in 938ms
425 silly pacote tag manifest for @types/styled-components@ts3.6 fetched in 1171ms
426 http fetch GET 200 https://registry.npmjs.org/@types/statuses/-/statuses-2.0.0.tgz 1016ms
427 http fetch GET 200 https://registry.npmjs.org/@types/sprintf-js/-/sprintf-js-1.1.2.tgz 1090ms
428 silly pacote tag manifest for @types/statuses@ts3.6 fetched in 1287ms
429 silly pacote tag manifest for @types/sprintf-js@ts3.6 fetched in 1679ms
430 http fetch GET 200 https://registry.npmjs.org/@types/route-parser/-/route-parser-0.1.3.tgz 1808ms
431 silly pacote tag manifest for @types/route-parser@ts3.6 fetched in 5293ms
432 http fetch GET 200 https://registry.npmjs.org/@types/tar/-/tar-4.0.5.tgz 1119ms
433 silly pacote tag manifest for @types/tar@ts3.6 fetched in 1191ms
434 http fetch GET 200 https://registry.npmjs.org/@types%2ftough-cookie 255ms
435 http fetch GET 200 https://registry.npmjs.org/@types%2ftar-fs 562ms
436 http fetch GET 200 https://registry.npmjs.org/@types%2ftype-is 79ms
437 http fetch GET 200 https://registry.npmjs.org/@types%2fthrough 580ms
438 http fetch GET 200 https://registry.npmjs.org/@types%2ftoidentifier 583ms
439 silly fetchPackageMetaData error for @types/toidentifier@ts3.6 No matching version found for @types/toidentifier@ts3.6.
440 http fetch GET 200 https://registry.npmjs.org/@types/tough-cookie/-/tough-cookie-4.0.1.tgz 383ms
441 silly pacote tag manifest for @types/tough-cookie@ts3.6 fetched in 644ms
442 http fetch GET 200 https://registry.npmjs.org/@types/split/-/split-1.0.0.tgz 1927ms
443 http fetch GET 200 https://registry.npmjs.org/@types/requestretry/-/requestretry-1.12.8.tgz 4306ms
444 silly pacote tag manifest for @types/split@ts3.6 fetched in 3749ms
445 silly pacote tag manifest for @types/requestretry@ts3.6 fetched in 6092ms
446 http fetch GET 200 https://registry.npmjs.org/@types%2futil-deprecate 78ms
447 http fetch GET 200 https://registry.npmjs.org/@types/util-deprecate/-/util-deprecate-1.0.0.tgz 138ms
448 silly pacote tag manifest for @types/util-deprecate@ts3.6 fetched in 227ms
449 http fetch GET 200 https://registry.npmjs.org/@types%2futils-merge 71ms
450 http fetch GET 200 https://registry.npmjs.org/@types/type-is/-/type-is-1.6.3.tgz 1062ms
451 silly pacote tag manifest for @types/type-is@ts3.6 fetched in 1153ms
452 http fetch GET 200 https://registry.npmjs.org/@types%2ftar-stream 1733ms
453 http fetch GET 200 https://registry.npmjs.org/@types%2fuuid 305ms
454 http fetch GET 200 https://registry.npmjs.org/@types%2funiversalify 1286ms
455 http fetch GET 200 https://registry.npmjs.org/@types/utils-merge/-/utils-merge-0.0.28.tgz 915ms
456 silly pacote tag manifest for @types/utils-merge@ts3.6 fetched in 997ms
457 http fetch GET 200 https://registry.npmjs.org/@types%2fvary 74ms
458 http fetch GET 200 https://registry.npmjs.org/@types/through/-/through-0.0.30.tgz 1999ms
459 http fetch GET 200 https://registry.npmjs.org/@types/tar-fs/-/tar-fs-2.0.1.tgz 2200ms
460 silly pacote tag manifest for @types/through@ts3.6 fetched in 2591ms
461 silly pacote tag manifest for @types/tar-fs@ts3.6 fetched in 2776ms
462 http fetch GET 200 https://registry.npmjs.org/@types%2funzip-stream 1871ms
463 http fetch GET 200 https://registry.npmjs.org/@types%2ftraverse 2703ms
464 http fetch GET 200 https://registry.npmjs.org/@types/uuid/-/uuid-8.3.1.tgz 1088ms
465 silly pacote tag manifest for @types/uuid@ts3.6 fetched in 1401ms
466 http fetch GET 200 https://registry.npmjs.org/@types/universalify/-/universalify-1.0.0.tgz 1077ms
467 silly pacote tag manifest for @types/universalify@ts3.6 fetched in 2373ms
468 http fetch GET 200 https://registry.npmjs.org/@types%2fwhich 53ms
469 http fetch GET 200 https://registry.npmjs.org/@types%2fuser-home 2007ms
470 http fetch GET 200 https://registry.npmjs.org/@types/traverse/-/traverse-0.6.32.tgz 346ms
471 http fetch GET 200 https://registry.npmjs.org/@types%2fverror 568ms
472 silly pacote tag manifest for @types/traverse@ts3.6 fetched in 3061ms
473 http fetch GET 200 https://registry.npmjs.org/@types%2fwhich-pm-runs 62ms
474 http fetch GET 200 https://registry.npmjs.org/@types/vary/-/vary-1.1.0.tgz 983ms
475 silly pacote tag manifest for @types/vary@ts3.6 fetched in 1067ms
476 http fetch GET 200 https://registry.npmjs.org/@types/tar-stream/-/tar-stream-2.2.1.tgz 2039ms
477 silly pacote tag manifest for @types/tar-stream@ts3.6 fetched in 3781ms
478 http fetch GET 200 https://registry.npmjs.org/@types%2fwrap-ansi 231ms
479 http fetch GET 200 https://registry.npmjs.org/@types/which/-/which-2.0.1.tgz 1072ms
480 silly pacote tag manifest for @types/which@ts3.6 fetched in 1134ms
481 http fetch GET 200 https://registry.npmjs.org/@types/user-home/-/user-home-2.0.0.tgz 1037ms
482 silly pacote tag manifest for @types/user-home@ts3.6 fetched in 3050ms
483 http fetch GET 200 https://registry.npmjs.org/@types%2fwhen 1290ms
484 http fetch GET 200 https://registry.npmjs.org/@types%2fws 77ms
485 http fetch GET 200 https://registry.npmjs.org/@types%2funbzip2-stream 3915ms
486 silly fetchPackageMetaData error for @types/unbzip2-stream@ts3.6 No matching version found for @types/unbzip2-stream@ts3.6.
487 http fetch GET 200 https://registry.npmjs.org/@types/verror/-/verror-1.10.5.tgz 1089ms
488 silly pacote tag manifest for @types/verror@ts3.6 fetched in 1668ms
489 http fetch GET 200 https://registry.npmjs.org/@types%2fyallist 49ms
490 http fetch GET 200 https://registry.npmjs.org/@types%2fxtend 253ms
491 http fetch GET 200 https://registry.npmjs.org/@types/which-pm-runs/-/which-pm-runs-1.0.0.tgz 1160ms
492 silly pacote tag manifest for @types/which-pm-runs@ts3.6 fetched in 1232ms
493 http fetch GET 200 https://registry.npmjs.org/@types%2fyargs 163ms
494 http fetch GET 200 https://registry.npmjs.org/@types/unzip-stream/-/unzip-stream-0.3.1.tgz 1965ms
495 silly pacote tag manifest for @types/unzip-stream@ts3.6 fetched in 3843ms
496 http fetch GET 200 https://registry.npmjs.org/@types%2fvhost 2102ms
497 http fetch GET 200 https://registry.npmjs.org/@types%2fyauzl 577ms
498 http fetch GET 200 https://registry.npmjs.org/@types/wrap-ansi/-/wrap-ansi-8.0.1.tgz 1110ms
499 silly pacote tag manifest for @types/wrap-ansi@ts3.6 fetched in 1352ms
500 http fetch GET 200 https://registry.npmjs.org/@types%2fwordwrap 1840ms
501 http fetch GET 200 https://registry.npmjs.org/@types/yauzl/-/yauzl-2.9.2.tgz 323ms
502 silly pacote tag manifest for @types/yauzl@ts3.6 fetched in 918ms
503 http fetch GET 200 https://registry.npmjs.org/@types/xtend/-/xtend-4.0.3.tgz 977ms
504 silly pacote tag manifest for @types/xtend@ts3.6 fetched in 1239ms
505 http fetch GET 200 https://registry.npmjs.org/@types/yallist/-/yallist-4.0.1.tgz 1129ms
506 silly pacote tag manifest for @types/yallist@ts3.6 fetched in 1197ms
507 http fetch GET 200 https://registry.npmjs.org/@types/yargs/-/yargs-17.0.2.tgz 1189ms
508 silly pacote tag manifest for @types/yargs@ts3.6 fetched in 1363ms
509 http fetch GET 200 https://registry.npmjs.org/@types/ws/-/ws-7.4.7.tgz 1788ms
510 silly pacote tag manifest for @types/ws@ts3.6 fetched in 1879ms
511 http fetch GET 200 https://registry.npmjs.org/@types/when/-/when-2.4.34.tgz 1832ms
512 silly pacote tag manifest for @types/when@ts3.6 fetched in 3138ms
513 http fetch GET 200 https://registry.npmjs.org/@types/wordwrap/-/wordwrap-1.0.1.tgz 1108ms
514 silly pacote tag manifest for @types/wordwrap@ts3.6 fetched in 2955ms
515 http fetch GET 200 https://registry.npmjs.org/@types/vhost/-/vhost-3.0.4.tgz 1812ms
516 silly pacote tag manifest for @types/vhost@ts3.6 fetched in 3923ms
517 timing stage:rollbackFailedOptional Completed in 1ms
518 timing stage:runTopLevelLifecycles Completed in 31880ms
519 verbose type tag
520 verbose stack @types/delegates: No matching version found for @types/delegates@ts3.6.
520 verbose stack     at pickManifest (/usr/local/lib/node_modules/npm/node_modules/npm-pick-manifest/index.js:122:13)
520 verbose stack     at /usr/local/lib/node_modules/npm/node_modules/pacote/lib/fetchers/registry/manifest.js:24:14
520 verbose stack     at tryCatcher (/usr/local/lib/node_modules/npm/node_modules/bluebird/js/release/util.js:16:23)
520 verbose stack     at Promise._settlePromiseFromHandler (/usr/local/lib/node_modules/npm/node_modules/bluebird/js/release/promise.js:517:31)
520 verbose stack     at Promise._settlePromise (/usr/local/lib/node_modules/npm/node_modules/bluebird/js/release/promise.js:574:18)
520 verbose stack     at Promise._settlePromise0 (/usr/local/lib/node_modules/npm/node_modules/bluebird/js/release/promise.js:619:10)
520 verbose stack     at Promise._settlePromises (/usr/local/lib/node_modules/npm/node_modules/bluebird/js/release/promise.js:699:18)
520 verbose stack     at _drainQueueStep (/usr/local/lib/node_modules/npm/node_modules/bluebird/js/release/async.js:138:12)
520 verbose stack     at _drainQueue (/usr/local/lib/node_modules/npm/node_modules/bluebird/js/release/async.js:131:9)
520 verbose stack     at Async._drainQueues (/usr/local/lib/node_modules/npm/node_modules/bluebird/js/release/async.js:147:5)
520 verbose stack     at Immediate.Async.drainQueues [as _onImmediate] (/usr/local/lib/node_modules/npm/node_modules/bluebird/js/release/async.js:17:14)
520 verbose stack     at processImmediate (internal/timers.js:456:21)
521 verbose cwd /home/theia/.cache/typescript/3.6
522 verbose Linux 5.10.16.3-microsoft-standard-WSL2
523 verbose argv "/usr/local/bin/node" "/usr/local/bin/npm" "install" "--ignore-scripts" "@types/accepts@ts3.6" "@types/are-we-there-yet@ts3.6" "@types/argparse@ts3.6" "@types/asn1@ts3.6" "@types/assert-plus@ts3.6" "@types/autosize@ts3.6" "@types/aws4@ts3.6" "@types/babel-plugin-syntax-jsx@ts3.6" "@types/balanced-match@ts3.6" "@types/bent@ts3.6" "@types/bindings@ts3.6" "@types/body-parser@ts3.6" "@types/brace-expansion@ts3.6" "@types/buffer-crc32@ts3.6" "@types/buffers@ts3.6" "@types/byline@ts3.6" "@types/bytes@ts3.6" "@types/caseless@ts3.6" "@types/checksum@ts3.6" "@types/chownr@ts3.6" "@types/color-convert@ts3.6" "@types/color-name@ts3.6" "@types/combined-stream@ts3.6" "@types/concat-map@ts3.6" "@types/content-disposition@ts3.6" "@types/content-type@ts3.6" "@types/cookie@ts3.6" "@types/cookie-signature@ts3.6" "@types/css-to-react-native@ts3.6" "@types/dashdash@ts3.6" "@types/debug@ts3.6" "@types/decompress@ts3.6" "@types/deep-extend@ts3.6" "@types/delegates@ts3.6" "@types/depd@ts3.6" "@types/destroy@ts3.6" "@types/detect-libc@ts3.6" "@types/diff@ts3.6" "@types/dir-glob@ts3.6" "@types/dompurify@ts3.6" "@types/drivelist@ts3.6" "@types/ee-first@ts3.6" "@types/encodeurl@ts3.6" "@types/end-of-stream@ts3.6" "@types/escape-html@ts3.6" "@types/etag@ts3.6" "@types/event-stream@ts3.6" "@types/express@ts3.6" "@types/extend@ts3.6" "@types/extsprintf@ts3.6" "@types/finalhandler@ts3.6" "@types/forever-agent@ts3.6" "@types/forwarded@ts3.6" "@types/fresh@ts3.6" "@types/from@ts3.6" "@types/fs-extra@ts3.6" "@types/fs-minipass@ts3.6" "@types/gauge@ts3.6" "@types/getpass@ts3.6" "@types/graceful-fs@ts3.6" "@types/http-errors@ts3.6" "@types/imurmurhash@ts3.6" "@types/inherits@ts3.6" "@types/ini@ts3.6" "@types/is-natural-number@ts3.6" "@types/is-typedarray@ts3.6" "@types/isarray@ts3.6" "@types/isexe@ts3.6" "@types/isstream@ts3.6" "@types/jsbn@ts3.6" "@types/json-schema@ts3.6" "@types/json-stringify-safe@ts3.6" "@types/jsonfile@ts3.6" "@types/jsprim@ts3.6" "@types/linkify-it@ts3.6" "@types/lodash@ts3.6" "@types/lodash.clonedeep@ts3.6" "@types/lodash.debounce@ts3.6" "@types/lodash.throttle@ts3.6" "@types/map-stream@ts3.6" "@types/markdown-it@ts3.6" "@types/mdurl@ts3.6" "@types/media-typer@ts3.6" "@types/merge-descriptors@ts3.6" "@types/methods@ts3.6" "@types/mime@ts3.6" "@types/mime-db@ts3.6" "@types/mime-types@ts3.6" "@types/minimist@ts3.6" "@types/minizlib@ts3.6" "@types/ms@ts3.6" "@types/negotiator@ts3.6" "@types/nested-error-stacks@ts3.6" "@types/node-abi@ts3.6" "@types/npmlog@ts3.6" "@types/number-is-nan@ts3.6" "@types/object-assign@ts3.6" "@types/on-finished@ts3.6" "@types/once@ts3.6" "@types/oniguruma@ts3.6" "@types/optimist@ts3.6" "@types/os-homedir@ts3.6" "@types/parseurl@ts3.6" "@types/path-is-absolute@ts3.6" "@types/pdfobject@ts3.6" "@types/pify@ts3.6" "@types/progress@ts3.6" "@types/prop-types@ts3.6" "@types/proxy-addr@ts3.6" "@types/proxy-from-env@ts3.6" "@types/ps-tree@ts3.6" "@types/psl@ts3.6" "@types/pump@ts3.6" "@types/punycode@ts3.6" "@types/qs@ts3.6" "@types/range-parser@ts3.6" "@types/rc@ts3.6" "@types/react@ts3.6" "@types/react-dom@ts3.6" "@types/react-is@ts3.6" "@types/react-lifecycles-compat@ts3.6" "@types/react-virtualized@ts3.6" "@types/readable-stream@ts3.6" "@types/regenerator-runtime@ts3.6" "@types/request@ts3.6" "@types/requestretry@ts3.6" "@types/require-directory@ts3.6" "@types/route-parser@ts3.6" "@types/safer-buffer@ts3.6" "@types/sanitize-html@ts3.6" "@types/scheduler@ts3.6" "@types/semver@ts3.6" "@types/send@ts3.6" "@types/serve-static@ts3.6" "@types/set-blocking@ts3.6" "@types/showdown@ts3.6" "@types/signal-exit@ts3.6" "@types/simple-get@ts3.6" "@types/split@ts3.6" "@types/sprintf@ts3.6" "@types/sprintf-js@ts3.6" "@types/sshpk@ts3.6" "@types/statuses@ts3.6" "@types/styled-components@ts3.6" "@types/supports-color@ts3.6" "@types/tar@ts3.6" "@types/tar-fs@ts3.6" "@types/tar-stream@ts3.6" "@types/through@ts3.6" "@types/toidentifier@ts3.6" "@types/tough-cookie@ts3.6" "@types/traverse@ts3.6" "@types/type-is@ts3.6" "@types/unbzip2-stream@ts3.6" "@types/universalify@ts3.6" "@types/unzip-stream@ts3.6" "@types/user-home@ts3.6" "@types/util-deprecate@ts3.6" "@types/utils-merge@ts3.6" "@types/uuid@ts3.6" "@types/vary@ts3.6" "@types/verror@ts3.6" "@types/vhost@ts3.6" "@types/when@ts3.6" "@types/which@ts3.6" "@types/which-pm-runs@ts3.6" "@types/wordwrap@ts3.6" "@types/wrap-ansi@ts3.6" "@types/ws@ts3.6" "@types/xtend@ts3.6" "@types/yallist@ts3.6" "@types/yargs@ts3.6" "@types/yauzl@ts3.6" "--save-dev" "--user-agent=typesInstaller/3.6.3"
524 verbose node v12.18.3
525 verbose npm  v6.14.6
526 error code ETARGET
527 error notarget No matching version found for @types/delegates@ts3.6.
528 error notarget In most cases you or one of your dependencies are requesting
528 error notarget a package version that doesn't exist.
529 verbose exit [ 1, true ]
